<?xml version="1.0" encoding="UTF-8"?>
<!-- Generated by org.testng.reporters.JUnitReportReporter -->
<testsuite hostname="DESKTOP-SELHIJF" failures="0" tests="3" name="HTMLTestNG" time="10.625" errors="0" timestamp="2022-11-18T02:30:20 GMT+02:00" skipped="0">
  <testcase classname="HTMLTestNG" name="test_The_Title" time="0.013"/>
  <system-out/>
  <testcase classname="HTMLTestNG" name="test_The_Profile_Name" time="2.191"/>
  <system-out/>
  <testcase classname="HTMLTestNG" name="test_The_Log_Out" time="8.421"/>
  <system-out/>
</testsuite> <!-- HTMLTestNG -->
