<?xml version="1.0" encoding="UTF-8"?>
<!-- Generated by org.testng.reporters.JUnitReportReporter -->
<testsuite hostname="DESKTOP-SELHIJF" failures="0" tests="2" name="GitHubTestNG" time="10.688" errors="0" timestamp="2022-11-18T03:23:45 GMT+02:00" skipped="0">
  <testcase classname="GitHubTestNG" name="test_The_Title" time="0.349"/>
  <system-out/>
  <testcase classname="GitHubTestNG" name="test_Repostory_Existance" time="10.339"/>
  <system-out/>
</testsuite> <!-- GitHubTestNG -->
